TN:
SF:src/calculate.js
FN:1,calculateParkingFee
FN:6,totalDay
FN:12,calculateFee
FNF:3
FNH:3
FNDA:10,calculateParkingFee
FNDA:10,totalDay
FNDA:20,calculateFee
DA:1,10
DA:2,10
DA:3,10
DA:4,10
DA:5,1
DA:6,10
DA:7,10
DA:8,10
DA:9,10
DA:10,10
DA:11,1
DA:12,20
DA:13,20
DA:14,20
DA:15,6
DA:16,20
DA:17,6
DA:18,6
DA:19,8
DA:20,8
DA:21,8
DA:22,1
DA:23,1
DA:24,1
DA:25,1
DA:26,1
DA:27,1
DA:28,1
DA:29,1
LF:29
LH:29
BRDA:1,0,0,10
BRDA:6,1,0,10
BRDA:9,2,0,9
BRDA:9,3,0,1
BRDA:12,4,0,20
BRDA:14,5,0,6
BRDA:16,6,0,14
BRDA:16,7,0,6
BRDA:19,8,0,8
BRF:9
BRH:9
end_of_record
